C:\USERS\JS\DOCUMENTS\VISUAL STUDIO 2010\PROJECTS\ABC\ABC\RELEASE\ABC.EXE.INTERMEDIATE.MANIFEST
C:\USERS\JS\DOCUMENTS\VISUAL STUDIO 2010\PROJECTS\ABC\ABC\RELEASE\ABC.RES
C:\Users\JS\documents\visual studio 2010\Projects\abc\abc\Release\abc.vcxprojResolveAssemblyReference.cache
C:\Users\JS\documents\visual studio 2010\Projects\abc\abc\Release\abc.write.1.tlog
C:\Users\JS\documents\visual studio 2010\Projects\abc\abc\Release\cl.command.1.tlog
C:\Users\JS\documents\visual studio 2010\Projects\abc\abc\Release\CL.read.1.tlog
C:\Users\JS\documents\visual studio 2010\Projects\abc\abc\Release\CL.write.1.tlog
C:\Users\JS\documents\visual studio 2010\Projects\abc\abc\Release\link.command.1.tlog
C:\Users\JS\documents\visual studio 2010\Projects\abc\abc\Release\link.read.1.tlog
C:\Users\JS\documents\visual studio 2010\Projects\abc\abc\Release\link.write.1.tlog
C:\Users\JS\documents\visual studio 2010\Projects\abc\abc\Release\link-cvtres.read.1.tlog
C:\Users\JS\documents\visual studio 2010\Projects\abc\abc\Release\link-cvtres.write.1.tlog
C:\USERS\JS\DOCUMENTS\VISUAL STUDIO 2010\PROJECTS\ABC\ABC\RELEASE\MNV.OBJ
C:\Users\JS\documents\visual studio 2010\Projects\abc\abc\Release\mt.command.1.tlog
C:\Users\JS\documents\visual studio 2010\Projects\abc\abc\Release\mt.read.1.tlog
C:\Users\JS\documents\visual studio 2010\Projects\abc\abc\Release\mt.write.1.tlog
C:\Users\JS\documents\visual studio 2010\Projects\abc\abc\Release\rc.command.1.tlog
C:\Users\JS\documents\visual studio 2010\Projects\abc\abc\Release\rc.read.1.tlog
C:\Users\JS\documents\visual studio 2010\Projects\abc\abc\Release\rc.write.1.tlog
C:\USERS\JS\DOCUMENTS\VISUAL STUDIO 2010\PROJECTS\ABC\ABC\RELEASE\VC100.PDB
C:\USERS\JS\DOCUMENTS\VISUAL STUDIO 2010\PROJECTS\ABC\RELEASE\ABC.EXE
C:\USERS\JS\DOCUMENTS\VISUAL STUDIO 2010\PROJECTS\ABC\RELEASE\ABC.PDB
