Построение начато 28.03.2015 2:57:04.
     1>Проект "C:\Users\JS\documents\visual studio 2010\Projects\abc\abc\abc.vcxproj" в узле 2 (целевые объекты rebuild).
     1>_PrepareForClean:
         Файл "Release\abc.lastbuildstate" удаляется.
       InitializeBuildStatus:
         Создание "Release\abc.unsuccessfulbuild", так как было задано "AlwaysCreate".
       ClCompile:
         D:\Program Files (x86)\Microsoft Visual Studio 10.0\VC\bin\CL.exe /c /I"D:\Program Files (x86)\Boost\boost_1_57_0" /I"D:\Program Files (x86)\Avro\avro-cpp-1.7.7\avro-cpp-1.7.7\api" /Zi /nologo /W3 /WX- /O2 /Oi /Oy- /GL /D WIN32 /D NDEBUG /D _CONSOLE /D _UNICODE /D UNICODE /Gm- /EHsc /MD /GS /Gy /fp:precise /Zc:wchar_t /Zc:forScope /Fo"Release\\" /Fd"Release\vc100.pdb" /Gd /TP /analyze- /errorReport:prompt mnv.cpp
         mnv.cpp
       ResourceCompile:
         C:\Program Files (x86)\Microsoft SDKs\Windows\v7.0A\bin\rc.exe /D _UNICODE /D UNICODE /l"0x0409" /nologo /fo"Release\abc.res" abc.rc 
       Link:
         D:\Program Files (x86)\Microsoft Visual Studio 10.0\VC\bin\link.exe /ERRORREPORT:PROMPT /OUT:"C:\Users\JS\documents\visual studio 2010\Projects\abc\Release\abc.exe" /INCREMENTAL:NO /NOLOGO /LIBPATH:"D:\Boostl\boost_1_57_0\lib32-msvc-10.0" kernel32.lib user32.lib gdi32.lib winspool.lib comdlg32.lib advapi32.lib shell32.lib ole32.lib oleaut32.lib uuid.lib odbc32.lib odbccp32.lib /MANIFEST /ManifestFile:"Release\abc.exe.intermediate.manifest" /MANIFESTUAC:"level='asInvoker' uiAccess='false'" /DEBUG /PDB:"C:\Users\JS\documents\visual studio 2010\Projects\abc\Release\abc.pdb" /SUBSYSTEM:CONSOLE /OPT:REF /OPT:ICF /LTCG /TLBID:1 /DYNAMICBASE /NXCOMPAT /IMPLIB:"C:\Users\JS\documents\visual studio 2010\Projects\abc\Release\abc.lib" /MACHINE:X86 Release\abc.res
         Release\mnv.obj
         avrocpp.lib
         Создание кода
         Создание кода завершено
         abc.vcxproj -> C:\Users\JS\documents\visual studio 2010\Projects\abc\Release\abc.exe
       Manifest:
         C:\Program Files (x86)\Microsoft SDKs\Windows\v7.0A\bin\mt.exe /nologo /verbose /outputresource:"C:\Users\JS\documents\visual studio 2010\Projects\abc\Release\abc.exe;#1" /manifest Release\abc.exe.intermediate.manifest
       FinalizeBuildStatus:
         Файл "Release\abc.unsuccessfulbuild" удаляется.
         Обращение к "Release\abc.lastbuildstate".
     1>Построение проекта "C:\Users\JS\documents\visual studio 2010\Projects\abc\abc\abc.vcxproj" завершено (целевые объекты rebuild).

Построение успешно завершено.

Затраченное время: 00:00:06.37
